<?xml version="1.0" encoding="UTF-8"?>
<!-- Generated by org.testng.reporters.JUnitReportReporter -->
<testsuite hostname="RAJESH-PC" name="Framework.FrameworkDesign.Datadriven" tests="2" failures="0" timestamp="31 Oct 2017 12:41:04 GMT" time="0.009" errors="0">
  <testcase name="Amount" time="0.006" classname="Framework.FrameworkDesign.Datadriven"/>
  <testcase name="Transaction" time="0.003" classname="Framework.FrameworkDesign.Datadriven"/>
</testsuite> <!-- Framework.FrameworkDesign.Datadriven -->
