<?xml version="1.0" encoding="UTF-8"?>
<!-- Generated by org.testng.reporters.JUnitReportReporter -->
<testsuite hostname="RAJESH-PC" name="Framework.FrameworkDesign.ExcelTask" tests="2" failures="0" timestamp="4 Nov 2017 10:49:20 GMT" time="1.216" errors="0">
  <testcase name="WriteExcel" time="0.275" classname="Framework.FrameworkDesign.ExcelTask"/>
  <testcase name="Printvalue" time="0.941" classname="Framework.FrameworkDesign.ExcelTask"/>
</testsuite> <!-- Framework.FrameworkDesign.ExcelTask -->
