<?xml version="1.0" encoding="UTF-8"?>
<!-- Generated by org.testng.reporters.JUnitReportReporter -->
<testsuite hostname="RAJESH-PC" name="Framework.FrameworkDesign.Frmaework" tests="3" failures="0" timestamp="30 Oct 2017 09:48:27 GMT" time="0.020" errors="0">
  <testcase name="Third" time="0.002" classname="Framework.FrameworkDesign.Frmaework"/>
  <testcase name="First" time="0.016" classname="Framework.FrameworkDesign.Frmaework"/>
  <testcase name="Second" time="0.002" classname="Framework.FrameworkDesign.Frmaework"/>
</testsuite> <!-- Framework.FrameworkDesign.Frmaework -->
