<?xml version="1.0" encoding="UTF-8"?>
<!-- Generated by org.testng.reporters.JUnitReportReporter -->
<testsuite hostname="RAJESH-PC" name="Framework.FrameworkDesign.Framework" tests="1" failures="0" timestamp="30 Oct 2017 12:48:57 GMT" time="0.002" errors="0">
  <testcase name="First" time="0.002" classname="Framework.FrameworkDesign.Framework"/>
</testsuite> <!-- Framework.FrameworkDesign.Framework -->
