<?xml version="1.0" encoding="UTF-8"?>
<!-- Generated by org.testng.reporters.JUnitReportReporter -->
<testsuite hostname="RAJESH-PC" name="Framework.FrameworkDesign.Datadriven2" tests="3" failures="0" timestamp="31 Oct 2017 12:52:13 GMT" time="0.018" errors="0">
  <testcase name="Status" time="0.010" classname="Framework.FrameworkDesign.Datadriven2"/>
  <testcase name="Userverification" time="0.006" classname="Framework.FrameworkDesign.Datadriven2"/>
  <testcase name="Login" time="0.002" classname="Framework.FrameworkDesign.Datadriven2"/>
</testsuite> <!-- Framework.FrameworkDesign.Datadriven2 -->
